<?xml version="1.0" encoding="UTF-8"?>
<!-- Generated by org.testng.reporters.JUnitXMLReporter -->
<testsuite ignored="8" hostname="TYSS-Mithun" failures="0" tests="5" name="RegressionTest" time="340.683" errors="0" timestamp="11 May 2023 10:10:02 GMT">
  <testcase classname="com.omnify.fitnessApp.SampleTestScripts.TS01_Home_Validations" name="homeCheck" time="59.681"/>
  <testcase classname="com.omnify.fitnessApp.SampleTestScripts.TS02_Reminder_Validations" name="reminderCheck" time="29.468"/>
  <testcase classname="com.omnify.fitnessApp.SampleTestScripts.TS03_Settings_Validation" name="reminderCheck" time="30.3"/>
  <testcase classname="com.omnify.fitnessApp.SampleTestScripts.TS04_WaterTrackerActivity_Validation" name="waterActivityCheck" time="64.695"/>
  <testcase classname="com.omnify.fitnessApp.SampleTestScripts.TS05_ShareActivity_Validation" name="shareActivityCheck" time="28.907"/>
  <testcase classname="com.omnify.fitnessApp.library.BaseLib" name="@BeforeSuite launchAppiumAndEmulator" time="0.0">
    <ignored/>
  </testcase> <!-- @BeforeSuite launchAppiumAndEmulator -->
  <testcase classname="com.omnify.fitnessApp.library.BaseLib" name="@BeforeSuite launchAppiumAndEmulator" time="0.0">
    <ignored/>
  </testcase> <!-- @BeforeSuite launchAppiumAndEmulator -->
  <testcase classname="com.omnify.fitnessApp.library.BaseLib" name="@BeforeSuite launchAppiumAndEmulator" time="0.0">
    <ignored/>
  </testcase> <!-- @BeforeSuite launchAppiumAndEmulator -->
  <testcase classname="com.omnify.fitnessApp.library.BaseLib" name="@BeforeSuite launchAppiumAndEmulator" time="0.0">
    <ignored/>
  </testcase> <!-- @BeforeSuite launchAppiumAndEmulator -->
  <testcase classname="com.omnify.fitnessApp.library.BaseLib" name="@AfterSuite finish" time="0.0">
    <ignored/>
  </testcase> <!-- @AfterSuite finish -->
  <testcase classname="com.omnify.fitnessApp.library.BaseLib" name="@AfterSuite finish" time="0.0">
    <ignored/>
  </testcase> <!-- @AfterSuite finish -->
  <testcase classname="com.omnify.fitnessApp.library.BaseLib" name="@AfterSuite finish" time="0.0">
    <ignored/>
  </testcase> <!-- @AfterSuite finish -->
  <testcase classname="com.omnify.fitnessApp.library.BaseLib" name="@AfterSuite finish" time="0.0">
    <ignored/>
  </testcase> <!-- @AfterSuite finish -->
</testsuite> <!-- RegressionTest -->
